2026-03-21 16:51:10  INFO      ============================================================
2026-03-21 16:51:10  INFO      Onyx Collection Market Pipeline — 2026-03-21T16:51:10.759712Z
2026-03-21 16:51:10  INFO      ============================================================
2026-03-21 16:51:10  INFO      EXTRACT — fetching FRED series...
2026-03-21 16:51:11  INFO        FRED HOUST          (housing_starts):  85 rows | latest 2026-01-01 = 1487.00
2026-03-21 16:51:11  INFO        FRED MORTGAGE30US   (mortgage_rate_30yr): 377 rows | latest 2026-03-19 = 6.22
2026-03-21 16:51:11  INFO        FRED CSUSHPISA      (home_price_index):  84 rows | latest 2025-12-01 = 332.04
2026-03-21 16:51:12  INFO        FRED TTLCONS        (construction_spending):  84 rows | latest 2025-12-01 = 2168775.00
2026-03-21 16:51:12  INFO        FRED PCU327327      (building_materials_ppi):  86 rows | latest 2026-02-01 = 312.00
2026-03-21 16:51:12  INFO        FRED TLNRESCONS     (nonresidential_construction_spending):  84 rows | latest 2025-12-01 = 1240324.00
2026-03-21 16:51:12  INFO        FRED complete: 800 rows across 6 series
2026-03-21 16:51:12  INFO      EXTRACT — fetching BLS series...
2026-03-21 16:51:13  INFO        BLS  CES2023610001  (residential_construction_employment):  26 rows | latest 2026-02-01 = 929.4k
2026-03-21 16:51:14  INFO        BLS  CES2000000001  (total_construction_employment):  26 rows | latest 2026-02-01 = 8309.0k
2026-03-21 16:51:15  INFO        BLS  CES2023800001  (specialty_trade_employment):  26 rows | latest 2026-02-01 = 5244.1k
2026-03-21 16:51:15  INFO        BLS  CES2023620001  (nonresidential_construction_employment):  26 rows | latest 2026-02-01 = 937.0k
2026-03-21 16:51:16  INFO        BLS  CES7072100001  (hotel_motel_employment):  26 rows | latest 2026-02-01 = 1922.1k
2026-03-21 16:51:16  INFO        BLS complete:  130 rows across 5 series
2026-03-21 16:51:16  INFO      EXTRACT done — 930 total rows | date range 2019-01-01 → 2026-03-19
2026-03-21 16:51:16  INFO      TRANSFORM — running market context calculations...
2026-03-21 16:51:16  INFO      Pivoting raw data to wide format...
2026-03-21 16:51:16  INFO        Wide table: 87 months × 11 series
2026-03-21 16:51:16  INFO      Computing market context metrics...
2026-03-21 16:51:16  INFO        Context table: 87 rows, 2019-01-01 → 2026-03-01
2026-03-21 16:51:16  INFO      Computing market sizing...
2026-03-21 16:51:16  INFO        TAM $33.87B | SAM $4.70B | Housing health 66/100 | Remodel demand 74/100 | Commercial index 50/100
2026-03-21 16:51:16  INFO      Building dashboard payload...
2026-03-21 16:51:16  INFO        Payload: 36 months of trend data
2026-03-21 16:51:16  INFO      LOAD — writing to SQLite and JSON...
2026-03-21 16:51:16  INFO      Schema initialized (8 tables)
2026-03-21 16:51:16  INFO      JSON payload written → /home/runner/work/onyx-market-pipeline/onyx-market-pipeline/data/dashboard_payload.json (12.1 KB)
2026-03-21 16:51:16  INFO      Load complete: 930 raw rows | 87 context rows | 6 FRED + 5 BLS series | status=success
2026-03-21 16:51:16  INFO      Pipeline SUCCESS — 5.6s
2026-03-21 16:51:16  INFO      ============================================================
2026-03-22 06:40:25  INFO      ============================================================
2026-03-22 06:40:25  INFO      Onyx Collection Market Pipeline — 2026-03-22T06:40:25.365018Z
2026-03-22 06:40:25  INFO      ============================================================
2026-03-22 06:40:25  INFO      EXTRACT — fetching FRED series...
2026-03-22 06:40:25  INFO        FRED HOUST          (housing_starts):  85 rows | latest 2026-01-01 = 1487.00
2026-03-22 06:40:25  INFO        FRED MORTGAGE30US   (mortgage_rate_30yr): 377 rows | latest 2026-03-19 = 6.22
2026-03-22 06:40:26  INFO        FRED CSUSHPISA      (home_price_index):  84 rows | latest 2025-12-01 = 332.04
2026-03-22 06:40:26  INFO        FRED TTLCONS        (construction_spending):  84 rows | latest 2025-12-01 = 2168775.00
2026-03-22 06:40:26  INFO        FRED PCU327327      (building_materials_ppi):  86 rows | latest 2026-02-01 = 312.00
2026-03-22 06:40:27  INFO        FRED TLNRESCONS     (nonresidential_construction_spending):  84 rows | latest 2025-12-01 = 1240324.00
2026-03-22 06:40:27  INFO        FRED complete: 800 rows across 6 series
2026-03-22 06:40:27  INFO      EXTRACT — fetching BLS series...
2026-03-22 06:40:27  INFO        BLS  CES2023610001  (residential_construction_employment):  26 rows | latest 2026-02-01 = 929.4k
2026-03-22 06:40:28  INFO        BLS  CES2000000001  (total_construction_employment):  26 rows | latest 2026-02-01 = 8309.0k
2026-03-22 06:40:28  INFO        BLS  CES2023800001  (specialty_trade_employment):  26 rows | latest 2026-02-01 = 5244.1k
2026-03-22 06:40:29  INFO        BLS  CES2023620001  (nonresidential_construction_employment):  26 rows | latest 2026-02-01 = 937.0k
2026-03-22 06:40:29  INFO        BLS  CES7072100001  (hotel_motel_employment):  26 rows | latest 2026-02-01 = 1922.1k
2026-03-22 06:40:29  INFO        BLS complete:  130 rows across 5 series
2026-03-22 06:40:29  INFO      EXTRACT done — 930 total rows | date range 2019-01-01 → 2026-03-19
2026-03-22 06:40:29  INFO      TRANSFORM — running market context calculations...
2026-03-22 06:40:29  INFO      Pivoting raw data to wide format...
2026-03-22 06:40:29  INFO        Wide table: 87 months × 11 series
2026-03-22 06:40:29  INFO      Computing market context metrics...
2026-03-22 06:40:29  INFO        Context table: 87 rows, 2019-01-01 → 2026-03-01
2026-03-22 06:40:29  INFO      Computing market sizing...
2026-03-22 06:40:29  INFO        TAM $33.87B | SAM $4.70B | Housing health 66/100 | Remodel demand 74/100 | Commercial index 50/100
2026-03-22 06:40:29  INFO      Building dashboard payload...
2026-03-22 06:40:29  INFO        Payload: 36 months of trend data
2026-03-22 06:40:29  INFO      LOAD — writing to SQLite and JSON...
2026-03-22 06:40:29  INFO      Schema initialized (8 tables)
2026-03-22 06:40:29  INFO      JSON payload written → /home/runner/work/onyx-market-pipeline/onyx-market-pipeline/data/dashboard_payload.json (12.1 KB)
2026-03-22 06:40:29  INFO      Load complete: 930 raw rows | 87 context rows | 6 FRED + 5 BLS series | status=success
2026-03-22 06:40:29  INFO      Pipeline SUCCESS — 4.5s
2026-03-22 06:40:29  INFO      ============================================================
2026-03-29 06:54:51  INFO      ============================================================
2026-03-29 06:54:51  INFO      Onyx Collection Market Pipeline — 2026-03-29T06:54:51.373161Z
2026-03-29 06:54:51  INFO      ============================================================
2026-03-29 06:54:51  INFO      EXTRACT — fetching FRED series...
2026-03-29 06:54:51  INFO        FRED HOUST          (housing_starts):  85 rows | latest 2026-01-01 = 1487.00
2026-03-29 06:54:51  INFO        FRED MORTGAGE30US   (mortgage_rate_30yr): 378 rows | latest 2026-03-26 = 6.38
2026-03-29 06:54:51  INFO        FRED CSUSHPISA      (home_price_index):  84 rows | latest 2025-12-01 = 332.04
2026-03-29 06:54:52  INFO        FRED TTLCONS        (construction_spending):  85 rows | latest 2026-01-01 = 2190424.00
2026-03-29 06:54:52  INFO        FRED PCU327327      (building_materials_ppi):  86 rows | latest 2026-02-01 = 312.00
2026-03-29 06:54:52  INFO        FRED TLNRESCONS     (nonresidential_construction_spending):  85 rows | latest 2026-01-01 = 1245274.00
2026-03-29 06:54:52  INFO        FRED complete: 803 rows across 6 series
2026-03-29 06:54:52  INFO      EXTRACT — fetching BLS series...
2026-03-29 06:54:52  INFO        BLS  CES2023610001  (residential_construction_employment):  26 rows | latest 2026-02-01 = 929.4k
2026-03-29 06:54:52  INFO        BLS  CES2000000001  (total_construction_employment):  26 rows | latest 2026-02-01 = 8309.0k
2026-03-29 06:54:53  INFO        BLS  CES2023800001  (specialty_trade_employment):  26 rows | latest 2026-02-01 = 5244.1k
2026-03-29 06:54:53  INFO        BLS  CES2023620001  (nonresidential_construction_employment):  26 rows | latest 2026-02-01 = 937.0k
2026-03-29 06:54:53  INFO        BLS  CES7072100001  (hotel_motel_employment):  26 rows | latest 2026-02-01 = 1922.1k
2026-03-29 06:54:53  INFO        BLS complete:  130 rows across 5 series
2026-03-29 06:54:53  INFO      EXTRACT done — 933 total rows | date range 2019-01-01 → 2026-03-26
2026-03-29 06:54:53  INFO      TRANSFORM — running market context calculations...
2026-03-29 06:54:53  INFO      Pivoting raw data to wide format...
2026-03-29 06:54:53  INFO        Wide table: 87 months × 11 series
2026-03-29 06:54:53  INFO      Computing market context metrics...
2026-03-29 06:54:53  INFO        Context table: 87 rows, 2019-01-01 → 2026-03-01
2026-03-29 06:54:53  INFO      Computing market sizing...
2026-03-29 06:54:53  INFO        TAM $33.87B | SAM $4.70B | Housing health 66/100 | Remodel demand 74/100 | Commercial index 50/100
2026-03-29 06:54:53  INFO      Building dashboard payload...
2026-03-29 06:54:53  INFO        Payload: 36 months of trend data
2026-03-29 06:54:53  INFO      LOAD — writing to SQLite and JSON...
2026-03-29 06:54:53  INFO      Schema initialized (8 tables)
2026-03-29 06:54:53  INFO      JSON payload written → /home/runner/work/onyx-market-pipeline/onyx-market-pipeline/data/dashboard_payload.json (12.1 KB)
2026-03-29 06:54:53  INFO      Load complete: 933 raw rows | 87 context rows | 6 FRED + 5 BLS series | status=success
2026-03-29 06:54:53  INFO      Pipeline SUCCESS — 2.3s
2026-03-29 06:54:53  INFO      ============================================================
2026-04-05 06:56:29  INFO      ============================================================
2026-04-05 06:56:29  INFO      Onyx Collection Market Pipeline — 2026-04-05T06:56:29.218259Z
2026-04-05 06:56:29  INFO      ============================================================
2026-04-05 06:56:29  INFO      EXTRACT — fetching FRED series...
2026-04-05 06:56:29  INFO        FRED HOUST          (housing_starts):  85 rows | latest 2026-01-01 = 1487.00
2026-04-05 06:56:29  INFO        FRED MORTGAGE30US   (mortgage_rate_30yr): 379 rows | latest 2026-04-02 = 6.46
2026-04-05 06:56:30  INFO        FRED CSUSHPISA      (home_price_index):  85 rows | latest 2026-01-01 = 332.18
2026-04-05 06:56:30  INFO        FRED TTLCONS        (construction_spending):  85 rows | latest 2026-01-01 = 2190424.00
2026-04-05 06:56:30  INFO        FRED PCU327327      (building_materials_ppi):  86 rows | latest 2026-02-01 = 312.00
2026-04-05 06:56:31  INFO        FRED TLNRESCONS     (nonresidential_construction_spending):  85 rows | latest 2026-01-01 = 1245274.00
2026-04-05 06:56:31  INFO        FRED complete: 805 rows across 6 series
2026-04-05 06:56:31  INFO      EXTRACT — fetching BLS series...
2026-04-05 06:56:32  INFO        BLS  CES2023610001  (residential_construction_employment):  27 rows | latest 2026-03-01 = 931.6k
2026-04-05 06:56:32  INFO        BLS  CES2000000001  (total_construction_employment):  27 rows | latest 2026-03-01 = 8330.0k
2026-04-05 06:56:33  INFO        BLS  CES2023800001  (specialty_trade_employment):  27 rows | latest 2026-03-01 = 5252.0k
2026-04-05 06:56:33  INFO        BLS  CES2023620001  (nonresidential_construction_employment):  27 rows | latest 2026-03-01 = 941.8k
2026-04-05 06:56:33  INFO        BLS  CES7072100001  (hotel_motel_employment):  27 rows | latest 2026-03-01 = 1936.2k
2026-04-05 06:56:33  INFO        BLS complete:  135 rows across 5 series
2026-04-05 06:56:33  INFO      EXTRACT done — 940 total rows | date range 2019-01-01 → 2026-04-02
2026-04-05 06:56:33  INFO      TRANSFORM — running market context calculations...
2026-04-05 06:56:33  INFO      Pivoting raw data to wide format...
2026-04-05 06:56:33  INFO        Wide table: 88 months × 11 series
2026-04-05 06:56:33  INFO      Computing market context metrics...
2026-04-05 06:56:33  INFO        Context table: 88 rows, 2019-01-01 → 2026-04-01
2026-04-05 06:56:33  INFO      Computing market sizing...
2026-04-05 06:56:33  INFO        TAM $33.87B | SAM $4.70B | Housing health 66/100 | Remodel demand 74/100 | Commercial index 50/100
2026-04-05 06:56:33  INFO      Building dashboard payload...
2026-04-05 06:56:33  INFO        Payload: 36 months of trend data
2026-04-05 06:56:33  INFO      LOAD — writing to SQLite and JSON...
2026-04-05 06:56:33  INFO      Schema initialized (8 tables)
2026-04-05 06:56:34  INFO      JSON payload written → /home/runner/work/onyx-market-pipeline/onyx-market-pipeline/data/dashboard_payload.json (12.1 KB)
2026-04-05 06:56:34  INFO      Load complete: 940 raw rows | 88 context rows | 6 FRED + 5 BLS series | status=success
2026-04-05 06:56:34  INFO      Pipeline SUCCESS — 4.9s
2026-04-05 06:56:34  INFO      ============================================================
2026-04-12 07:04:48  INFO      ============================================================
2026-04-12 07:04:48  INFO      Onyx Collection Market Pipeline — 2026-04-12T07:04:48.402369Z
2026-04-12 07:04:48  INFO      ============================================================
2026-04-12 07:04:48  INFO      EXTRACT — fetching FRED series...
2026-04-12 07:04:48  INFO        FRED HOUST          (housing_starts):  85 rows | latest 2026-01-01 = 1487.00
2026-04-12 07:04:48  INFO        FRED MORTGAGE30US   (mortgage_rate_30yr): 380 rows | latest 2026-04-09 = 6.37
2026-04-12 07:04:49  INFO        FRED CSUSHPISA      (home_price_index):  85 rows | latest 2026-01-01 = 332.18
2026-04-12 07:04:49  INFO        FRED TTLCONS        (construction_spending):  85 rows | latest 2026-01-01 = 2190424.00
2026-04-12 07:04:49  INFO        FRED PCU327327      (building_materials_ppi):  86 rows | latest 2026-02-01 = 312.00
2026-04-12 07:04:49  INFO        FRED TLNRESCONS     (nonresidential_construction_spending):  85 rows | latest 2026-01-01 = 1245274.00
2026-04-12 07:04:49  INFO        FRED complete: 806 rows across 6 series
2026-04-12 07:04:49  INFO      EXTRACT — fetching BLS series...
2026-04-12 07:04:50  INFO        BLS  CES2023610001  (residential_construction_employment):  27 rows | latest 2026-03-01 = 931.6k
2026-04-12 07:04:50  INFO        BLS  CES2000000001  (total_construction_employment):  27 rows | latest 2026-03-01 = 8330.0k
2026-04-12 07:04:50  INFO        BLS  CES2023800001  (specialty_trade_employment):  27 rows | latest 2026-03-01 = 5252.0k
2026-04-12 07:04:51  INFO        BLS  CES2023620001  (nonresidential_construction_employment):  27 rows | latest 2026-03-01 = 941.8k
2026-04-12 07:04:51  INFO        BLS  CES7072100001  (hotel_motel_employment):  27 rows | latest 2026-03-01 = 1936.2k
2026-04-12 07:04:51  INFO        BLS complete:  135 rows across 5 series
2026-04-12 07:04:51  INFO      EXTRACT done — 941 total rows | date range 2019-01-01 → 2026-04-09
2026-04-12 07:04:51  INFO      TRANSFORM — running market context calculations...
2026-04-12 07:04:51  INFO      Pivoting raw data to wide format...
2026-04-12 07:04:51  INFO        Wide table: 88 months × 11 series
2026-04-12 07:04:51  INFO      Computing market context metrics...
2026-04-12 07:04:51  INFO        Context table: 88 rows, 2019-01-01 → 2026-04-01
2026-04-12 07:04:51  INFO      Computing market sizing...
2026-04-12 07:04:51  INFO        TAM $33.87B | SAM $4.70B | Housing health 66/100 | Remodel demand 74/100 | Commercial index 50/100
2026-04-12 07:04:51  INFO      Building dashboard payload...
2026-04-12 07:04:51  INFO        Payload: 36 months of trend data
2026-04-12 07:04:51  INFO      LOAD — writing to SQLite and JSON...
2026-04-12 07:04:51  INFO      Schema initialized (8 tables)
2026-04-12 07:04:51  INFO      JSON payload written → /home/runner/work/onyx-market-pipeline/onyx-market-pipeline/data/dashboard_payload.json (12.1 KB)
2026-04-12 07:04:51  INFO      Load complete: 941 raw rows | 88 context rows | 6 FRED + 5 BLS series | status=success
2026-04-12 07:04:51  INFO      Pipeline SUCCESS — 3.0s
2026-04-12 07:04:51  INFO      ============================================================
2026-04-19 07:08:44  INFO      ============================================================
2026-04-19 07:08:44  INFO      Onyx Collection Market Pipeline — 2026-04-19T07:08:44.775787Z
2026-04-19 07:08:44  INFO      ============================================================
2026-04-19 07:08:44  INFO      EXTRACT — fetching FRED series...
2026-04-19 07:08:45  INFO        FRED HOUST          (housing_starts):  85 rows | latest 2026-01-01 = 1487.00
2026-04-19 07:08:45  INFO        FRED MORTGAGE30US   (mortgage_rate_30yr): 381 rows | latest 2026-04-16 = 6.30
2026-04-19 07:08:45  INFO        FRED CSUSHPISA      (home_price_index):  85 rows | latest 2026-01-01 = 332.18
2026-04-19 07:08:45  INFO        FRED TTLCONS        (construction_spending):  85 rows | latest 2026-01-01 = 2190424.00
2026-04-19 07:08:45  INFO        FRED PCU327327      (building_materials_ppi):  87 rows | latest 2026-03-01 = 312.94
2026-04-19 07:08:46  INFO        FRED TLNRESCONS     (nonresidential_construction_spending):  85 rows | latest 2026-01-01 = 1245274.00
2026-04-19 07:08:46  INFO        FRED complete: 808 rows across 6 series
2026-04-19 07:08:46  INFO      EXTRACT — fetching BLS series...
2026-04-19 07:08:46  INFO        BLS  CES2023610001  (residential_construction_employment):  27 rows | latest 2026-03-01 = 931.6k
2026-04-19 07:08:47  INFO        BLS  CES2000000001  (total_construction_employment):  27 rows | latest 2026-03-01 = 8330.0k
2026-04-19 07:08:47  INFO        BLS  CES2023800001  (specialty_trade_employment):  27 rows | latest 2026-03-01 = 5252.0k
2026-04-19 07:08:48  INFO        BLS  CES2023620001  (nonresidential_construction_employment):  27 rows | latest 2026-03-01 = 941.8k
2026-04-19 07:08:48  INFO        BLS  CES7072100001  (hotel_motel_employment):  27 rows | latest 2026-03-01 = 1936.2k
2026-04-19 07:08:48  INFO        BLS complete:  135 rows across 5 series
2026-04-19 07:08:48  INFO      EXTRACT done — 943 total rows | date range 2019-01-01 → 2026-04-16
2026-04-19 07:08:48  INFO      TRANSFORM — running market context calculations...
2026-04-19 07:08:48  INFO      Pivoting raw data to wide format...
2026-04-19 07:08:48  INFO        Wide table: 88 months × 11 series
2026-04-19 07:08:48  INFO      Computing market context metrics...
2026-04-19 07:08:48  INFO        Context table: 88 rows, 2019-01-01 → 2026-04-01
2026-04-19 07:08:48  INFO      Computing market sizing...
2026-04-19 07:08:48  INFO        TAM $33.87B | SAM $4.70B | Housing health 66/100 | Remodel demand 74/100 | Commercial index 50/100
2026-04-19 07:08:48  INFO      Building dashboard payload...
2026-04-19 07:08:48  INFO        Payload: 36 months of trend data
2026-04-19 07:08:48  INFO      LOAD — writing to SQLite and JSON...
2026-04-19 07:08:48  INFO      Schema initialized (8 tables)
2026-04-19 07:08:48  INFO      JSON payload written → /home/runner/work/onyx-market-pipeline/onyx-market-pipeline/data/dashboard_payload.json (12.1 KB)
2026-04-19 07:08:48  INFO      Load complete: 943 raw rows | 88 context rows | 6 FRED + 5 BLS series | status=success
2026-04-19 07:08:48  INFO      Pipeline SUCCESS — 3.8s
2026-04-19 07:08:48  INFO      ============================================================
2026-04-26 07:18:03  INFO      ============================================================
2026-04-26 07:18:03  INFO      Onyx Collection Market Pipeline — 2026-04-26T07:18:03.051930Z
2026-04-26 07:18:03  INFO      ============================================================
2026-04-26 07:18:03  INFO      EXTRACT — fetching FRED series...
2026-04-26 07:18:03  INFO        FRED HOUST          (housing_starts):  85 rows | latest 2026-01-01 = 1487.00
2026-04-26 07:18:03  INFO        FRED MORTGAGE30US   (mortgage_rate_30yr): 382 rows | latest 2026-04-23 = 6.23
2026-04-26 07:18:03  INFO        FRED CSUSHPISA      (home_price_index):  85 rows | latest 2026-01-01 = 332.18
2026-04-26 07:18:04  INFO        FRED TTLCONS        (construction_spending):  85 rows | latest 2026-01-01 = 2190424.00
2026-04-26 07:18:04  INFO        FRED PCU327327      (building_materials_ppi):  87 rows | latest 2026-03-01 = 312.94
2026-04-26 07:18:04  INFO        FRED TLNRESCONS     (nonresidential_construction_spending):  85 rows | latest 2026-01-01 = 1245274.00
2026-04-26 07:18:04  INFO        FRED complete: 809 rows across 6 series
2026-04-26 07:18:04  INFO      EXTRACT — fetching BLS series...
2026-04-26 07:18:05  INFO        BLS  CES2023610001  (residential_construction_employment):  27 rows | latest 2026-03-01 = 931.6k
2026-04-26 07:18:05  INFO        BLS  CES2000000001  (total_construction_employment):  27 rows | latest 2026-03-01 = 8330.0k
2026-04-26 07:18:06  INFO        BLS  CES2023800001  (specialty_trade_employment):  27 rows | latest 2026-03-01 = 5252.0k
2026-04-26 07:18:06  INFO        BLS  CES2023620001  (nonresidential_construction_employment):  27 rows | latest 2026-03-01 = 941.8k
2026-04-26 07:18:07  INFO        BLS  CES7072100001  (hotel_motel_employment):  27 rows | latest 2026-03-01 = 1936.2k
2026-04-26 07:18:07  INFO        BLS complete:  135 rows across 5 series
2026-04-26 07:18:07  INFO      EXTRACT done — 944 total rows | date range 2019-01-01 → 2026-04-23
2026-04-26 07:18:07  INFO      TRANSFORM — running market context calculations...
2026-04-26 07:18:07  INFO      Pivoting raw data to wide format...
2026-04-26 07:18:07  INFO        Wide table: 88 months × 11 series
2026-04-26 07:18:07  INFO      Computing market context metrics...
2026-04-26 07:18:07  INFO        Context table: 88 rows, 2019-01-01 → 2026-04-01
2026-04-26 07:18:07  INFO      Computing market sizing...
2026-04-26 07:18:07  INFO        TAM $33.87B | SAM $4.70B | Housing health 66/100 | Remodel demand 74/100 | Commercial index 50/100
2026-04-26 07:18:07  INFO      Building dashboard payload...
2026-04-26 07:18:07  INFO        Payload: 36 months of trend data
2026-04-26 07:18:07  INFO      LOAD — writing to SQLite and JSON...
2026-04-26 07:18:07  INFO      Schema initialized (8 tables)
2026-04-26 07:18:07  INFO      JSON payload written → /home/runner/work/onyx-market-pipeline/onyx-market-pipeline/data/dashboard_payload.json (12.1 KB)
2026-04-26 07:18:07  INFO      Load complete: 944 raw rows | 88 context rows | 6 FRED + 5 BLS series | status=success
2026-04-26 07:18:07  INFO      Pipeline SUCCESS — 4.3s
2026-04-26 07:18:07  INFO      ============================================================
2026-05-03 07:49:44  INFO      ============================================================
2026-05-03 07:49:44  INFO      Onyx Collection Market Pipeline — 2026-05-03T07:49:44.811885Z
2026-05-03 07:49:44  INFO      ============================================================
2026-05-03 07:49:44  INFO      EXTRACT — fetching FRED series...
2026-05-03 07:49:45  INFO        FRED HOUST          (housing_starts):  87 rows | latest 2026-03-01 = 1502.00
2026-05-03 07:49:45  INFO        FRED MORTGAGE30US   (mortgage_rate_30yr): 383 rows | latest 2026-04-30 = 6.30
2026-05-03 07:49:47  INFO        FRED CSUSHPISA      (home_price_index):  86 rows | latest 2026-02-01 = 332.10
2026-05-03 07:49:47  INFO        FRED TTLCONS        (construction_spending):  85 rows | latest 2026-01-01 = 2190424.00
2026-05-03 07:49:47  INFO        FRED PCU327327      (building_materials_ppi):  87 rows | latest 2026-03-01 = 312.94
2026-05-03 07:49:47  INFO        FRED TLNRESCONS     (nonresidential_construction_spending):  85 rows | latest 2026-01-01 = 1245274.00
2026-05-03 07:49:47  INFO        FRED complete: 813 rows across 6 series
2026-05-03 07:49:47  INFO      EXTRACT — fetching BLS series...
2026-05-03 07:49:48  INFO        BLS  CES2023610001  (residential_construction_employment):  27 rows | latest 2026-03-01 = 931.6k
2026-05-03 07:49:49  INFO        BLS  CES2000000001  (total_construction_employment):  27 rows | latest 2026-03-01 = 8330.0k
2026-05-03 07:49:49  INFO        BLS  CES2023800001  (specialty_trade_employment):  27 rows | latest 2026-03-01 = 5252.0k
2026-05-03 07:49:50  INFO        BLS  CES2023620001  (nonresidential_construction_employment):  27 rows | latest 2026-03-01 = 941.8k
2026-05-03 07:49:50  INFO        BLS  CES7072100001  (hotel_motel_employment):  27 rows | latest 2026-03-01 = 1936.2k
2026-05-03 07:49:50  INFO        BLS complete:  135 rows across 5 series
2026-05-03 07:49:50  INFO      EXTRACT done — 948 total rows | date range 2019-01-01 → 2026-04-30
2026-05-03 07:49:50  INFO      TRANSFORM — running market context calculations...
2026-05-03 07:49:50  INFO      Pivoting raw data to wide format...
2026-05-03 07:49:50  INFO        Wide table: 88 months × 11 series
2026-05-03 07:49:50  INFO      Computing market context metrics...
2026-05-03 07:49:50  INFO        Context table: 88 rows, 2019-01-01 → 2026-04-01
2026-05-03 07:49:50  INFO      Computing market sizing...
2026-05-03 07:49:50  INFO        TAM $34.29B | SAM $4.74B | Housing health 67/100 | Remodel demand 76/100 | Commercial index 50/100
2026-05-03 07:49:50  INFO      Building dashboard payload...
2026-05-03 07:49:50  INFO        Payload: 36 months of trend data
2026-05-03 07:49:50  INFO      LOAD — writing to SQLite and JSON...
2026-05-03 07:49:50  INFO      Schema initialized (8 tables)
2026-05-03 07:49:50  INFO      JSON payload written → /home/runner/work/onyx-market-pipeline/onyx-market-pipeline/data/dashboard_payload.json (12.1 KB)
2026-05-03 07:49:50  INFO      Load complete: 948 raw rows | 88 context rows | 6 FRED + 5 BLS series | status=success
2026-05-03 07:49:50  INFO      Pipeline SUCCESS — 6.2s
2026-05-03 07:49:50  INFO      ============================================================
2026-05-10 07:58:30  INFO      ============================================================
2026-05-10 07:58:30  INFO      Onyx Collection Market Pipeline — 2026-05-10T07:58:30.762209Z
2026-05-10 07:58:30  INFO      ============================================================
2026-05-10 07:58:30  INFO      EXTRACT — fetching FRED series...
2026-05-10 07:58:30  INFO        FRED HOUST          (housing_starts):  87 rows | latest 2026-03-01 = 1502.00
2026-05-10 07:58:31  INFO        FRED MORTGAGE30US   (mortgage_rate_30yr): 384 rows | latest 2026-05-07 = 6.37
2026-05-10 07:58:31  INFO        FRED CSUSHPISA      (home_price_index):  86 rows | latest 2026-02-01 = 332.10
2026-05-10 07:58:31  INFO        FRED TTLCONS        (construction_spending):  87 rows | latest 2026-03-01 = 2185455.00
2026-05-10 07:58:31  INFO        FRED PCU327327      (building_materials_ppi):  87 rows | latest 2026-03-01 = 312.94
2026-05-10 07:58:31  INFO        FRED TLNRESCONS     (nonresidential_construction_spending):  87 rows | latest 2026-03-01 = 1243753.00
2026-05-10 07:58:31  INFO        FRED complete: 818 rows across 6 series
2026-05-10 07:58:31  INFO      EXTRACT — fetching BLS series...
2026-05-10 07:58:32  INFO        BLS  CES2023610001  (residential_construction_employment):  28 rows | latest 2026-04-01 = 926.5k
2026-05-10 07:58:32  INFO        BLS  CES2000000001  (total_construction_employment):  28 rows | latest 2026-04-01 = 8321.0k
2026-05-10 07:58:32  INFO        BLS  CES2023800001  (specialty_trade_employment):  28 rows | latest 2026-04-01 = 5249.0k
2026-05-10 07:58:33  INFO        BLS  CES2023620001  (nonresidential_construction_employment):  28 rows | latest 2026-04-01 = 943.8k
2026-05-10 07:58:33  INFO        BLS  CES7072100001  (hotel_motel_employment):  28 rows | latest 2026-04-01 = 1919.1k
2026-05-10 07:58:33  INFO        BLS complete:  140 rows across 5 series
2026-05-10 07:58:33  INFO      EXTRACT done — 958 total rows | date range 2019-01-01 → 2026-05-07
2026-05-10 07:58:33  INFO      TRANSFORM — running market context calculations...
2026-05-10 07:58:33  INFO      Pivoting raw data to wide format...
2026-05-10 07:58:33  INFO        Wide table: 89 months × 11 series
2026-05-10 07:58:33  INFO      Computing market context metrics...
2026-05-10 07:58:33  INFO        Context table: 89 rows, 2019-01-01 → 2026-05-01
2026-05-10 07:58:33  INFO      Computing market sizing...
2026-05-10 07:58:33  INFO        TAM $34.29B | SAM $4.74B | Housing health 65/100 | Remodel demand 76/100 | Commercial index 50/100
2026-05-10 07:58:33  INFO      Building dashboard payload...
2026-05-10 07:58:33  INFO        Payload: 36 months of trend data
2026-05-10 07:58:33  INFO      LOAD — writing to SQLite and JSON...
2026-05-10 07:58:33  INFO      Schema initialized (8 tables)
2026-05-10 07:58:33  INFO      JSON payload written → /home/runner/work/onyx-market-pipeline/onyx-market-pipeline/data/dashboard_payload.json (12.1 KB)
2026-05-10 07:58:33  INFO      Load complete: 958 raw rows | 89 context rows | 6 FRED + 5 BLS series | status=success
2026-05-10 07:58:33  INFO      Pipeline SUCCESS — 2.8s
2026-05-10 07:58:33  INFO      ============================================================
2026-05-17 08:11:11  INFO      ============================================================
2026-05-17 08:11:11  INFO      Onyx Collection Market Pipeline — 2026-05-17T08:11:11.613251Z
2026-05-17 08:11:11  INFO      ============================================================
2026-05-17 08:11:11  INFO      EXTRACT — fetching FRED series...
2026-05-17 08:11:11  INFO        FRED HOUST          (housing_starts):  87 rows | latest 2026-03-01 = 1502.00
2026-05-17 08:11:11  INFO        FRED MORTGAGE30US   (mortgage_rate_30yr): 385 rows | latest 2026-05-14 = 6.36
2026-05-17 08:11:11  INFO        FRED CSUSHPISA      (home_price_index):  86 rows | latest 2026-02-01 = 332.10
2026-05-17 08:11:11  INFO        FRED TTLCONS        (construction_spending):  87 rows | latest 2026-03-01 = 2185455.00
2026-05-17 08:11:12  INFO        FRED PCU327327      (building_materials_ppi):  88 rows | latest 2026-04-01 = 313.99
2026-05-17 08:11:12  INFO        FRED TLNRESCONS     (nonresidential_construction_spending):  87 rows | latest 2026-03-01 = 1243753.00
2026-05-17 08:11:12  INFO        FRED complete: 820 rows across 6 series
2026-05-17 08:11:12  INFO      EXTRACT — fetching BLS series...
2026-05-17 08:11:12  INFO        BLS  CES2023610001  (residential_construction_employment):  28 rows | latest 2026-04-01 = 926.5k
2026-05-17 08:11:12  INFO        BLS  CES2000000001  (total_construction_employment):  28 rows | latest 2026-04-01 = 8321.0k
2026-05-17 08:11:12  INFO        BLS  CES2023800001  (specialty_trade_employment):  28 rows | latest 2026-04-01 = 5249.0k
2026-05-17 08:11:13  INFO        BLS  CES2023620001  (nonresidential_construction_employment):  28 rows | latest 2026-04-01 = 943.8k
2026-05-17 08:11:13  INFO        BLS  CES7072100001  (hotel_motel_employment):  28 rows | latest 2026-04-01 = 1919.1k
2026-05-17 08:11:13  INFO        BLS complete:  140 rows across 5 series
2026-05-17 08:11:13  INFO      EXTRACT done — 960 total rows | date range 2019-01-01 → 2026-05-14
2026-05-17 08:11:13  INFO      TRANSFORM — running market context calculations...
2026-05-17 08:11:13  INFO      Pivoting raw data to wide format...
2026-05-17 08:11:13  INFO        Wide table: 89 months × 11 series
2026-05-17 08:11:13  INFO      Computing market context metrics...
2026-05-17 08:11:13  INFO        Context table: 89 rows, 2019-01-01 → 2026-05-01
2026-05-17 08:11:13  INFO      Computing market sizing...
2026-05-17 08:11:13  INFO        TAM $34.29B | SAM $4.74B | Housing health 65/100 | Remodel demand 76/100 | Commercial index 50/100
2026-05-17 08:11:13  INFO      Building dashboard payload...
2026-05-17 08:11:13  INFO        Payload: 36 months of trend data
2026-05-17 08:11:13  INFO      LOAD — writing to SQLite and JSON...
2026-05-17 08:11:13  INFO      Schema initialized (8 tables)
2026-05-17 08:11:13  INFO      JSON payload written → /home/runner/work/onyx-market-pipeline/onyx-market-pipeline/data/dashboard_payload.json (12.1 KB)
2026-05-17 08:11:13  INFO      Load complete: 960 raw rows | 89 context rows | 6 FRED + 5 BLS series | status=success
2026-05-17 08:11:13  INFO      Pipeline SUCCESS — 1.8s
2026-05-17 08:11:13  INFO      ============================================================
2026-05-24 08:19:16  INFO      ============================================================
2026-05-24 08:19:16  INFO      Onyx Collection Market Pipeline — 2026-05-24T08:19:16.061291Z
2026-05-24 08:19:16  INFO      ============================================================
2026-05-24 08:19:16  INFO      EXTRACT — fetching FRED series...
2026-05-24 08:19:16  INFO        FRED HOUST          (housing_starts):  88 rows | latest 2026-04-01 = 1465.00
2026-05-24 08:19:17  INFO        FRED MORTGAGE30US   (mortgage_rate_30yr): 386 rows | latest 2026-05-21 = 6.51
2026-05-24 08:19:17  INFO        FRED CSUSHPISA      (home_price_index):  86 rows | latest 2026-02-01 = 332.10
2026-05-24 08:19:17  INFO        FRED TTLCONS        (construction_spending):  87 rows | latest 2026-03-01 = 2185455.00
2026-05-24 08:19:18  INFO        FRED PCU327327      (building_materials_ppi):  88 rows | latest 2026-04-01 = 313.99
2026-05-24 08:19:18  INFO        FRED TLNRESCONS     (nonresidential_construction_spending):  87 rows | latest 2026-03-01 = 1243753.00
2026-05-24 08:19:18  INFO        FRED complete: 822 rows across 6 series
2026-05-24 08:19:18  INFO      EXTRACT — fetching BLS series...
2026-05-24 08:19:19  INFO        BLS  CES2023610001  (residential_construction_employment):  28 rows | latest 2026-04-01 = 926.5k
2026-05-24 08:19:19  INFO        BLS  CES2000000001  (total_construction_employment):  28 rows | latest 2026-04-01 = 8321.0k
2026-05-24 08:19:20  INFO        BLS  CES2023800001  (specialty_trade_employment):  28 rows | latest 2026-04-01 = 5249.0k
2026-05-24 08:19:20  INFO        BLS  CES2023620001  (nonresidential_construction_employment):  28 rows | latest 2026-04-01 = 943.8k
2026-05-24 08:19:20  INFO        BLS  CES7072100001  (hotel_motel_employment):  28 rows | latest 2026-04-01 = 1919.1k
2026-05-24 08:19:20  INFO        BLS complete:  140 rows across 5 series
2026-05-24 08:19:20  INFO      EXTRACT done — 962 total rows | date range 2019-01-01 → 2026-05-21
2026-05-24 08:19:20  INFO      TRANSFORM — running market context calculations...
2026-05-24 08:19:20  INFO      Pivoting raw data to wide format...
2026-05-24 08:19:20  INFO        Wide table: 89 months × 11 series
2026-05-24 08:19:20  INFO      Computing market context metrics...
2026-05-24 08:19:20  INFO        Context table: 89 rows, 2019-01-01 → 2026-05-01
2026-05-24 08:19:20  INFO      Computing market sizing...
2026-05-24 08:19:20  INFO        TAM $34.50B | SAM $4.76B | Housing health 63/100 | Remodel demand 76/100 | Commercial index 50/100
2026-05-24 08:19:20  INFO      Building dashboard payload...
2026-05-24 08:19:21  INFO        Payload: 36 months of trend data
2026-05-24 08:19:21  INFO      LOAD — writing to SQLite and JSON...
2026-05-24 08:19:21  INFO      Schema initialized (8 tables)
2026-05-24 08:19:21  INFO      JSON payload written → /home/runner/work/onyx-market-pipeline/onyx-market-pipeline/data/dashboard_payload.json (12.1 KB)
2026-05-24 08:19:21  INFO      Load complete: 962 raw rows | 89 context rows | 6 FRED + 5 BLS series | status=success
2026-05-24 08:19:21  INFO      Pipeline SUCCESS — 5.0s
2026-05-24 08:19:21  INFO      ============================================================
2026-05-31 08:35:31  INFO      ============================================================
2026-05-31 08:35:31  INFO      Onyx Collection Market Pipeline — 2026-05-31T08:35:31.691774Z
2026-05-31 08:35:31  INFO      ============================================================
2026-05-31 08:35:31  INFO      EXTRACT — fetching FRED series...
2026-05-31 08:35:32  INFO        FRED HOUST          (housing_starts):  88 rows | latest 2026-04-01 = 1465.00
2026-05-31 08:35:34  INFO        FRED MORTGAGE30US   (mortgage_rate_30yr): 387 rows | latest 2026-05-28 = 6.53
2026-05-31 08:35:34  INFO        FRED CSUSHPISA      (home_price_index):  87 rows | latest 2026-03-01 = 331.26
2026-05-31 08:35:35  INFO        FRED TTLCONS        (construction_spending):  87 rows | latest 2026-03-01 = 2185455.00
2026-05-31 08:35:36  INFO        FRED PCU327327      (building_materials_ppi):  88 rows | latest 2026-04-01 = 313.99
2026-05-31 08:35:36  INFO        FRED TLNRESCONS     (nonresidential_construction_spending):  87 rows | latest 2026-03-01 = 1243753.00
2026-05-31 08:35:36  INFO        FRED complete: 824 rows across 6 series
2026-05-31 08:35:36  INFO      EXTRACT — fetching BLS series...
2026-05-31 08:35:37  INFO        BLS  CES2023610001  (residential_construction_employment):  28 rows | latest 2026-04-01 = 926.5k
2026-05-31 08:35:37  INFO        BLS  CES2000000001  (total_construction_employment):  28 rows | latest 2026-04-01 = 8321.0k
2026-05-31 08:35:38  INFO        BLS  CES2023800001  (specialty_trade_employment):  28 rows | latest 2026-04-01 = 5249.0k
2026-05-31 08:35:38  INFO        BLS  CES2023620001  (nonresidential_construction_employment):  28 rows | latest 2026-04-01 = 943.8k
2026-05-31 08:35:39  INFO        BLS  CES7072100001  (hotel_motel_employment):  28 rows | latest 2026-04-01 = 1919.1k
2026-05-31 08:35:39  INFO        BLS complete:  140 rows across 5 series
2026-05-31 08:35:39  INFO      EXTRACT done — 964 total rows | date range 2019-01-01 → 2026-05-28
2026-05-31 08:35:39  INFO      TRANSFORM — running market context calculations...
2026-05-31 08:35:39  INFO      Pivoting raw data to wide format...
2026-05-31 08:35:39  INFO        Wide table: 89 months × 11 series
2026-05-31 08:35:39  INFO      Computing market context metrics...
2026-05-31 08:35:39  INFO        Context table: 89 rows, 2019-01-01 → 2026-05-01
2026-05-31 08:35:39  INFO      Computing market sizing...
2026-05-31 08:35:39  INFO        TAM $34.50B | SAM $4.76B | Housing health 63/100 | Remodel demand 76/100 | Commercial index 50/100
2026-05-31 08:35:39  INFO      Building dashboard payload...
2026-05-31 08:35:39  INFO        Payload: 36 months of trend data
2026-05-31 08:35:39  INFO      LOAD — writing to SQLite and JSON...
2026-05-31 08:35:39  INFO      Schema initialized (8 tables)
2026-05-31 08:35:39  INFO      JSON payload written → /home/runner/work/onyx-market-pipeline/onyx-market-pipeline/data/dashboard_payload.json (12.1 KB)
2026-05-31 08:35:39  INFO      Load complete: 964 raw rows | 89 context rows | 6 FRED + 5 BLS series | status=success
2026-05-31 08:35:39  INFO      Pipeline SUCCESS — 7.6s
2026-05-31 08:35:39  INFO      ============================================================
2026-06-07 08:46:00  INFO      ============================================================
2026-06-07 08:46:00  INFO      Onyx Collection Market Pipeline — 2026-06-07T08:46:00.199336Z
2026-06-07 08:46:00  INFO      ============================================================
2026-06-07 08:46:00  INFO      EXTRACT — fetching FRED series...
2026-06-07 08:46:00  INFO        FRED HOUST          (housing_starts):  88 rows | latest 2026-04-01 = 1465.00
2026-06-07 08:46:00  INFO        FRED MORTGAGE30US   (mortgage_rate_30yr): 388 rows | latest 2026-06-04 = 6.48
2026-06-07 08:46:10  INFO        FRED CSUSHPISA      (home_price_index):  87 rows | latest 2026-03-01 = 331.26
2026-06-07 08:46:10  INFO        FRED TTLCONS        (construction_spending):  88 rows | latest 2026-04-01 = 2172397.00
2026-06-07 08:46:22  INFO        FRED PCU327327      (building_materials_ppi):  88 rows | latest 2026-04-01 = 313.99
2026-06-07 08:46:27  INFO        FRED TLNRESCONS     (nonresidential_construction_spending):  88 rows | latest 2026-04-01 = 1250361.00
2026-06-07 08:46:27  INFO        FRED complete: 827 rows across 6 series
2026-06-07 08:46:27  INFO      EXTRACT — fetching BLS series...
2026-06-07 08:46:27  INFO        BLS  CES2023610001  (residential_construction_employment):  29 rows | latest 2026-05-01 = 924.7k
2026-06-07 08:46:27  INFO        BLS  CES2000000001  (total_construction_employment):  29 rows | latest 2026-05-01 = 8337.0k
2026-06-07 08:46:27  INFO        BLS  CES2023800001  (specialty_trade_employment):  29 rows | latest 2026-05-01 = 5261.4k
2026-06-07 08:46:28  INFO        BLS  CES2023620001  (nonresidential_construction_employment):  29 rows | latest 2026-05-01 = 944.2k
2026-06-07 08:46:28  INFO        BLS  CES7072100001  (hotel_motel_employment):  29 rows | latest 2026-05-01 = 1940.3k
2026-06-07 08:46:28  INFO        BLS complete:  145 rows across 5 series
2026-06-07 08:46:28  INFO      EXTRACT done — 972 total rows | date range 2019-01-01 → 2026-06-04
2026-06-07 08:46:28  INFO      TRANSFORM — running market context calculations...
2026-06-07 08:46:28  INFO      Pivoting raw data to wide format...
2026-06-07 08:46:28  INFO        Wide table: 90 months × 11 series
2026-06-07 08:46:28  INFO      Computing market context metrics...
2026-06-07 08:46:28  INFO        Context table: 90 rows, 2019-01-01 → 2026-06-01
2026-06-07 08:46:28  INFO      Computing market sizing...
2026-06-07 08:46:28  INFO        TAM $34.50B | SAM $4.76B | Housing health 63/100 | Remodel demand 76/100 | Commercial index 50/100
2026-06-07 08:46:28  INFO      Building dashboard payload...
2026-06-07 08:46:28  INFO        Payload: 36 months of trend data
2026-06-07 08:46:28  INFO      LOAD — writing to SQLite and JSON...
2026-06-07 08:46:28  INFO      Schema initialized (8 tables)
2026-06-07 08:46:28  INFO      JSON payload written → /home/runner/work/onyx-market-pipeline/onyx-market-pipeline/data/dashboard_payload.json (12.1 KB)
2026-06-07 08:46:28  INFO      Load complete: 972 raw rows | 90 context rows | 6 FRED + 5 BLS series | status=success
2026-06-07 08:46:28  INFO      Pipeline SUCCESS — 28.1s
2026-06-07 08:46:28  INFO      ============================================================
2026-06-14 09:19:46  INFO      ============================================================
2026-06-14 09:19:46  INFO      Onyx Collection Market Pipeline — 2026-06-14T09:19:46.812331Z
2026-06-14 09:19:46  INFO      ============================================================
2026-06-14 09:19:46  INFO      EXTRACT — fetching FRED series...
2026-06-14 09:19:47  INFO        FRED HOUST          (housing_starts):  88 rows | latest 2026-04-01 = 1465.00
2026-06-14 09:20:07  ERROR       FRED MORTGAGE30US FAILED: HTTPSConnectionPool(host='fred.stlouisfed.org', port=443): Read timed out. (read timeout=20)
2026-06-14 09:20:12  INFO        FRED CSUSHPISA      (home_price_index):  87 rows | latest 2026-03-01 = 331.26
2026-06-14 09:20:17  INFO        FRED TTLCONS        (construction_spending):  88 rows | latest 2026-04-01 = 2172397.00
2026-06-14 09:20:22  INFO        FRED PCU327327      (building_materials_ppi):  89 rows | latest 2026-05-01 = 314.13
2026-06-14 09:20:26  INFO        FRED TLNRESCONS     (nonresidential_construction_spending):  88 rows | latest 2026-04-01 = 1250361.00
2026-06-14 09:20:26  INFO        FRED complete: 440 rows across 5 series
2026-06-14 09:20:26  INFO      EXTRACT — fetching BLS series...
2026-06-14 09:20:26  INFO        BLS  CES2023610001  (residential_construction_employment):  29 rows | latest 2026-05-01 = 924.7k
2026-06-14 09:20:26  INFO        BLS  CES2000000001  (total_construction_employment):  29 rows | latest 2026-05-01 = 8337.0k
2026-06-14 09:20:26  INFO        BLS  CES2023800001  (specialty_trade_employment):  29 rows | latest 2026-05-01 = 5261.4k
2026-06-14 09:20:26  INFO        BLS  CES2023620001  (nonresidential_construction_employment):  29 rows | latest 2026-05-01 = 944.2k
2026-06-14 09:20:27  INFO        BLS  CES7072100001  (hotel_motel_employment):  29 rows | latest 2026-05-01 = 1940.3k
2026-06-14 09:20:27  INFO        BLS complete:  145 rows across 5 series
2026-06-14 09:20:27  INFO      EXTRACT done — 585 total rows | date range 2019-01-01 → 2026-05-01
2026-06-14 09:20:27  INFO      TRANSFORM — running market context calculations...
2026-06-14 09:20:27  INFO      Pivoting raw data to wide format...
2026-06-14 09:20:27  INFO        Wide table: 89 months × 10 series
2026-06-14 09:20:27  INFO      Computing market context metrics...
2026-06-14 09:20:27  INFO        Context table: 89 rows, 2019-01-01 → 2026-05-01
2026-06-14 09:20:27  INFO      Computing market sizing...
2026-06-14 09:20:27  INFO        TAM $34.50B | SAM $4.76B | Housing health 79/100 | Remodel demand 0/100 | Commercial index 70/100
2026-06-14 09:20:27  INFO      Building dashboard payload...
2026-06-14 09:20:27  INFO        Payload: 36 months of trend data
2026-06-14 09:20:27  INFO      LOAD — writing to SQLite and JSON...
2026-06-14 09:20:27  INFO      Schema initialized (8 tables)
2026-06-14 09:20:27  INFO      JSON payload written → /home/runner/work/onyx-market-pipeline/onyx-market-pipeline/data/dashboard_payload.json (12.1 KB)
2026-06-14 09:20:27  INFO      Load complete: 585 raw rows | 89 context rows | 5 FRED + 5 BLS series | status=success
2026-06-14 09:20:27  INFO      Pipeline SUCCESS — 40.3s
2026-06-14 09:20:27  INFO      ============================================================
2026-06-21 09:37:50  INFO      ============================================================
2026-06-21 09:37:50  INFO      Onyx Collection Market Pipeline — 2026-06-21T09:37:50.576489Z
2026-06-21 09:37:50  INFO      ============================================================
2026-06-21 09:37:50  INFO      EXTRACT — fetching FRED series...
2026-06-21 09:37:50  INFO        FRED HOUST          (housing_starts):  89 rows | latest 2026-05-01 = 1177.00
2026-06-21 09:37:50  INFO        FRED MORTGAGE30US   (mortgage_rate_30yr): 390 rows | latest 2026-06-18 = 6.47
2026-06-21 09:37:50  INFO        FRED CSUSHPISA      (home_price_index):  87 rows | latest 2026-03-01 = 331.26
2026-06-21 09:37:51  INFO        FRED TTLCONS        (construction_spending):  88 rows | latest 2026-04-01 = 2172397.00
2026-06-21 09:37:51  INFO        FRED PCU327327      (building_materials_ppi):  89 rows | latest 2026-05-01 = 314.13
2026-06-21 09:37:52  INFO        FRED TLNRESCONS     (nonresidential_construction_spending):  88 rows | latest 2026-04-01 = 1250361.00
2026-06-21 09:37:52  INFO        FRED complete: 831 rows across 6 series
2026-06-21 09:37:52  INFO      EXTRACT — fetching BLS series...
2026-06-21 09:37:52  INFO        BLS  CES2023610001  (residential_construction_employment):  29 rows | latest 2026-05-01 = 924.7k
2026-06-21 09:37:52  INFO        BLS  CES2000000001  (total_construction_employment):  29 rows | latest 2026-05-01 = 8337.0k
2026-06-21 09:37:52  INFO        BLS  CES2023800001  (specialty_trade_employment):  29 rows | latest 2026-05-01 = 5261.4k
2026-06-21 09:37:53  INFO        BLS  CES2023620001  (nonresidential_construction_employment):  29 rows | latest 2026-05-01 = 944.2k
2026-06-21 09:37:53  INFO        BLS  CES7072100001  (hotel_motel_employment):  29 rows | latest 2026-05-01 = 1940.3k
2026-06-21 09:37:53  INFO        BLS complete:  145 rows across 5 series
2026-06-21 09:37:53  INFO      EXTRACT done — 976 total rows | date range 2019-01-01 → 2026-06-18
2026-06-21 09:37:53  INFO      TRANSFORM — running market context calculations...
2026-06-21 09:37:53  INFO      Pivoting raw data to wide format...
2026-06-21 09:37:53  INFO        Wide table: 90 months × 11 series
2026-06-21 09:37:53  INFO      Computing market context metrics...
2026-06-21 09:37:53  INFO        Context table: 90 rows, 2019-01-01 → 2026-06-01
2026-06-21 09:37:53  INFO      Computing market sizing...
2026-06-21 09:37:53  INFO        TAM $34.72B | SAM $4.78B | Housing health 53/100 | Remodel demand 83/100 | Commercial index 50/100
2026-06-21 09:37:53  INFO      Building dashboard payload...
2026-06-21 09:37:53  INFO        Payload: 36 months of trend data
2026-06-21 09:37:53  INFO      LOAD — writing to SQLite and JSON...
2026-06-21 09:37:53  INFO      Schema initialized (8 tables)
2026-06-21 09:37:53  INFO      JSON payload written → /home/runner/work/onyx-market-pipeline/onyx-market-pipeline/data/dashboard_payload.json (12.1 KB)
2026-06-21 09:37:53  INFO      Load complete: 976 raw rows | 90 context rows | 6 FRED + 5 BLS series | status=success
2026-06-21 09:37:53  INFO      Pipeline SUCCESS — 3.0s
2026-06-21 09:37:53  INFO      ============================================================
2026-06-28 08:41:18  INFO      ============================================================
2026-06-28 08:41:18  INFO      Onyx Collection Market Pipeline — 2026-06-28T08:41:18.362363Z
2026-06-28 08:41:18  INFO      ============================================================
2026-06-28 08:41:18  INFO      EXTRACT — fetching FRED series...
2026-06-28 08:41:18  INFO        FRED HOUST          (housing_starts):  89 rows | latest 2026-05-01 = 1177.00
2026-06-28 08:41:18  INFO        FRED MORTGAGE30US   (mortgage_rate_30yr): 391 rows | latest 2026-06-25 = 6.49
2026-06-28 08:41:18  INFO        FRED CSUSHPISA      (home_price_index):  87 rows | latest 2026-03-01 = 331.26
2026-06-28 08:41:19  INFO        FRED TTLCONS        (construction_spending):  88 rows | latest 2026-04-01 = 2172397.00
2026-06-28 08:41:19  INFO        FRED PCU327327      (building_materials_ppi):  89 rows | latest 2026-05-01 = 314.13
2026-06-28 08:41:20  INFO        FRED TLNRESCONS     (nonresidential_construction_spending):  88 rows | latest 2026-04-01 = 1250361.00
2026-06-28 08:41:20  INFO        FRED complete: 832 rows across 6 series
2026-06-28 08:41:20  INFO      EXTRACT — fetching BLS series...
2026-06-28 08:41:20  INFO        BLS  CES2023610001  (residential_construction_employment):  29 rows | latest 2026-05-01 = 924.7k
2026-06-28 08:41:20  INFO        BLS  CES2000000001  (total_construction_employment):  29 rows | latest 2026-05-01 = 8337.0k
2026-06-28 08:41:20  INFO        BLS  CES2023800001  (specialty_trade_employment):  29 rows | latest 2026-05-01 = 5261.4k
2026-06-28 08:41:20  INFO        BLS  CES2023620001  (nonresidential_construction_employment):  29 rows | latest 2026-05-01 = 944.2k
2026-06-28 08:41:21  INFO        BLS  CES7072100001  (hotel_motel_employment):  29 rows | latest 2026-05-01 = 1940.3k
2026-06-28 08:41:21  INFO        BLS complete:  145 rows across 5 series
2026-06-28 08:41:21  INFO      EXTRACT done — 977 total rows | date range 2019-01-01 → 2026-06-25
2026-06-28 08:41:21  INFO      TRANSFORM — running market context calculations...
2026-06-28 08:41:21  INFO      Pivoting raw data to wide format...
2026-06-28 08:41:21  INFO        Wide table: 90 months × 11 series
2026-06-28 08:41:21  INFO      Computing market context metrics...
2026-06-28 08:41:21  INFO        Context table: 90 rows, 2019-01-01 → 2026-06-01
2026-06-28 08:41:21  INFO      Computing market sizing...
2026-06-28 08:41:21  INFO        TAM $34.72B | SAM $4.78B | Housing health 53/100 | Remodel demand 83/100 | Commercial index 50/100
2026-06-28 08:41:21  INFO      Building dashboard payload...
2026-06-28 08:41:21  INFO        Payload: 36 months of trend data
2026-06-28 08:41:21  INFO      LOAD — writing to SQLite and JSON...
2026-06-28 08:41:21  INFO      Schema initialized (8 tables)
2026-06-28 08:41:21  INFO      JSON payload written → /home/runner/work/onyx-market-pipeline/onyx-market-pipeline/data/dashboard_payload.json (12.1 KB)
2026-06-28 08:41:21  INFO      Load complete: 977 raw rows | 90 context rows | 6 FRED + 5 BLS series | status=success
2026-06-28 08:41:21  INFO      Pipeline SUCCESS — 2.8s
2026-06-28 08:41:21  INFO      ============================================================
